Flow report for p2_02
Sat Nov 25 18:34:28 2023
Quartus Prime Version 22.1std.2 Build 922 07/20/2023 SC Lite Edition


---------------------
; Table of Contents ;
---------------------
  1. Legal Notice
  2. Flow Summary
  3. Flow Settings
  4. Flow Non-Default Global Settings
  5. Flow Elapsed Time
  6. Flow OS Summary
  7. Flow Log
  8. Flow Messages
  9. Flow Suppressed Messages



----------------
; Legal Notice ;
----------------
Copyright (C) 2023  Intel Corporation. All rights reserved.
Your use of Intel Corporation's design tools, logic functions 
and other software and tools, and any partner logic 
functions, and any output files from any of the foregoing 
(including device programming or simulation files), and any 
associated documentation or information are expressly subject 
to the terms and conditions of the Intel Program License 
Subscription Agreement, the Intel Quartus Prime License Agreement,
the Intel FPGA IP License Agreement, or other applicable license
agreement, including, without limitation, that your use is for
the sole purpose of programming logic devices manufactured by
Intel and sold by Intel or its authorized distributors.  Please
refer to the applicable agreement for further details, at
https://fpgasoftware.intel.com/eula.



+------------------------------------------------------------------------+
; Flow Summary                                                           ;
+-----------------------+------------------------------------------------+
; Flow Status           ; Successful - Sat Nov 25 18:34:28 2023          ;
; Quartus Prime Version ; 22.1std.2 Build 922 07/20/2023 SC Lite Edition ;
; Revision Name         ; p2_02                                          ;
; Top-level Entity Name ; main_module                                    ;
; Family                ; MAX II                                         ;
; Device                ; EPM240T100C5                                   ;
; Timing Models         ; Final                                          ;
; Total logic elements  ; 0 / 240 ( 0 % )                                ;
; Total pins            ; 13 / 80 ( 16 % )                               ;
; Total virtual pins    ; 0                                              ;
; UFM blocks            ; 0 / 1 ( 0 % )                                  ;
+-----------------------+------------------------------------------------+


+-----------------------------------------+
; Flow Settings                           ;
+-------------------+---------------------+
; Option            ; Setting             ;
+-------------------+---------------------+
; Start date & time ; 11/25/2023 18:34:12 ;
; Main task         ; Compilation         ;
; Revision Name     ; p2_02               ;
+-------------------+---------------------+


+---------------------------------------------------------------------------------------------------------------------------------------+
; Flow Non-Default Global Settings                                                                                                      ;
+---------------------------------------+-----------------------------+---------------+-------------+-----------------------------------+
; Assignment Name                       ; Value                       ; Default Value ; Entity Name ; Section Id                        ;
+---------------------------------------+-----------------------------+---------------+-------------+-----------------------------------+
; COMPILER_SIGNATURE_ID                 ; 38923010049.170094805215492 ; --            ; --          ; --                                ;
; EDA_DESIGN_INSTANCE_NAME              ; NA                          ; --            ; --          ; main_module                       ;
; EDA_DESIGN_INSTANCE_NAME              ; NA                          ; --            ; --          ; clock                             ;
; EDA_DESIGN_INSTANCE_NAME              ; NA                          ; --            ; --          ; Clock_divider                     ;
; EDA_DESIGN_INSTANCE_NAME              ; NA                          ; --            ; --          ; BatalhaNaval                      ;
; EDA_GENERATE_FUNCTIONAL_NETLIST       ; Off                         ; --            ; --          ; eda_board_design_timing           ;
; EDA_GENERATE_FUNCTIONAL_NETLIST       ; Off                         ; --            ; --          ; eda_board_design_boundary_scan    ;
; EDA_GENERATE_FUNCTIONAL_NETLIST       ; Off                         ; --            ; --          ; eda_board_design_signal_integrity ;
; EDA_GENERATE_FUNCTIONAL_NETLIST       ; Off                         ; --            ; --          ; eda_board_design_symbol           ;
; EDA_NATIVELINK_SIMULATION_TEST_BENCH  ; main_module                 ; --            ; --          ; eda_simulation                    ;
; EDA_OUTPUT_DATA_FORMAT                ; Verilog Hdl                 ; --            ; --          ; eda_simulation                    ;
; EDA_SIMULATION_TOOL                   ; ModelSim (Verilog)          ; <None>        ; --          ; --                                ;
; EDA_TEST_BENCH_ENABLE_STATUS          ; TEST_BENCH_MODE             ; --            ; --          ; eda_simulation                    ;
; EDA_TEST_BENCH_FILE                   ; main_module.v               ; --            ; --          ; main_module                       ;
; EDA_TEST_BENCH_FILE                   ; clock.v                     ; --            ; --          ; clock                             ;
; EDA_TEST_BENCH_FILE                   ; Clock_divider.v             ; --            ; --          ; Clock_divider                     ;
; EDA_TEST_BENCH_FILE                   ; BatalhaNaval.v              ; --            ; --          ; BatalhaNaval                      ;
; EDA_TEST_BENCH_MODULE_NAME            ; main_module                 ; --            ; --          ; main_module                       ;
; EDA_TEST_BENCH_MODULE_NAME            ; clock                       ; --            ; --          ; clock                             ;
; EDA_TEST_BENCH_MODULE_NAME            ; Clock_divider               ; --            ; --          ; Clock_divider                     ;
; EDA_TEST_BENCH_MODULE_NAME            ; BatalhaNaval                ; --            ; --          ; BatalhaNaval                      ;
; EDA_TEST_BENCH_NAME                   ; BatalhaNaval                ; --            ; --          ; eda_simulation                    ;
; EDA_TEST_BENCH_NAME                   ; clock                       ; --            ; --          ; eda_simulation                    ;
; EDA_TEST_BENCH_NAME                   ; Clock_divider               ; --            ; --          ; eda_simulation                    ;
; EDA_TEST_BENCH_NAME                   ; main_module                 ; --            ; --          ; eda_simulation                    ;
; EDA_TIME_SCALE                        ; 1 ps                        ; --            ; --          ; eda_simulation                    ;
; MAX_CORE_JUNCTION_TEMP                ; 85                          ; --            ; --          ; --                                ;
; MIN_CORE_JUNCTION_TEMP                ; 0                           ; --            ; --          ; --                                ;
; POWER_EXT_SUPPLY_VOLTAGE_TO_REGULATOR ; 3.3V                        ; --            ; --          ; --                                ;
; POWER_PRESET_COOLING_SOLUTION         ; No Heat Sink With Still Air ; --            ; --          ; --                                ;
; PROJECT_OUTPUT_DIRECTORY              ; output_files                ; --            ; --          ; --                                ;
; TOP_LEVEL_ENTITY                      ; main_module                 ; p2_02         ; --          ; --                                ;
+---------------------------------------+-----------------------------+---------------+-------------+-----------------------------------+


+--------------------------------------------------------------------------------------------------------------------------+
; Flow Elapsed Time                                                                                                        ;
+----------------------+--------------+-------------------------+---------------------+------------------------------------+
; Module Name          ; Elapsed Time ; Average Processors Used ; Peak Virtual Memory ; Total CPU Time (on all processors) ;
+----------------------+--------------+-------------------------+---------------------+------------------------------------+
; Analysis & Synthesis ; 00:00:11     ; 1.0                     ; 4711 MB             ; 00:00:12                           ;
; Fitter               ; 00:00:01     ; 1.0                     ; 5083 MB             ; 00:00:00                           ;
; Assembler            ; 00:00:00     ; 1.0                     ; 4681 MB             ; 00:00:00                           ;
; Timing Analyzer      ; 00:00:01     ; 1.0                     ; 4656 MB             ; 00:00:00                           ;
; EDA Netlist Writer   ; 00:00:00     ; 1.0                     ; 4620 MB             ; 00:00:00                           ;
; Total                ; 00:00:13     ; --                      ; --                  ; 00:00:12                           ;
+----------------------+--------------+-------------------------+---------------------+------------------------------------+


+------------------------------------------------------------------------------------+
; Flow OS Summary                                                                    ;
+----------------------+------------------+------------+------------+----------------+
; Module Name          ; Machine Hostname ; OS Name    ; OS Version ; Processor type ;
+----------------------+------------------+------------+------------+----------------+
; Analysis & Synthesis ; JOHN-NOTE        ; Windows 10 ; 10.0       ; x86_64         ;
; Fitter               ; JOHN-NOTE        ; Windows 10 ; 10.0       ; x86_64         ;
; Assembler            ; JOHN-NOTE        ; Windows 10 ; 10.0       ; x86_64         ;
; Timing Analyzer      ; JOHN-NOTE        ; Windows 10 ; 10.0       ; x86_64         ;
; EDA Netlist Writer   ; JOHN-NOTE        ; Windows 10 ; 10.0       ; x86_64         ;
+----------------------+------------------+------------+------------+----------------+


------------
; Flow Log ;
------------
quartus_map --read_settings_files=on --write_settings_files=off p2_02 -c p2_02
quartus_fit --read_settings_files=off --write_settings_files=off p2_02 -c p2_02
quartus_asm --read_settings_files=off --write_settings_files=off p2_02 -c p2_02
quartus_sta p2_02 -c p2_02
quartus_eda --read_settings_files=off --write_settings_files=off p2_02 -c p2_02



