Analysis & Synthesis report for p2_02
Sun Nov 19 00:12:13 2023
Quartus Prime Version 22.1std.2 Build 922 07/20/2023 SC Lite Edition


---------------------
; Table of Contents ;
---------------------
  1. Legal Notice
  2. Analysis & Synthesis Summary
  3. Analysis & Synthesis Settings
  4. Parallel Compilation
  5. Analysis & Synthesis Source Files Read
  6. Analysis & Synthesis Resource Usage Summary
  7. Analysis & Synthesis Resource Utilization by Entity
  8. State Machine - |main_module|game_option_change:change_game_option|game_reg
  9. User-Specified and Inferred Latches
 10. Registers Removed During Synthesis
 11. Removed Registers Triggering Further Register Optimizations
 12. General Register Statistics
 13. Multiplexer Restructuring Statistics (Restructuring Performed)
 14. Port Connectivity Checks: "matriz_controller:matrix"
 15. Port Connectivity Checks: "game_selection:select_game_option"
 16. Port Connectivity Checks: "game_option_change:change_game_option"
 17. Port Connectivity Checks: "debouncer_button:btn_save_game"
 18. Port Connectivity Checks: "debouncer_button:btn_reset_save_game"
 19. Analysis & Synthesis Messages



----------------
; Legal Notice ;
----------------
Copyright (C) 2023  Intel Corporation. All rights reserved.
Your use of Intel Corporation's design tools, logic functions 
and other software and tools, and any partner logic 
functions, and any output files from any of the foregoing 
(including device programming or simulation files), and any 
associated documentation or information are expressly subject 
to the terms and conditions of the Intel Program License 
Subscription Agreement, the Intel Quartus Prime License Agreement,
the Intel FPGA IP License Agreement, or other applicable license
agreement, including, without limitation, that your use is for
the sole purpose of programming logic devices manufactured by
Intel and sold by Intel or its authorized distributors.  Please
refer to the applicable agreement for further details, at
https://fpgasoftware.intel.com/eula.



+------------------------------------------------------------------------------+
; Analysis & Synthesis Summary                                                 ;
+-----------------------------+------------------------------------------------+
; Analysis & Synthesis Status ; Successful - Sun Nov 19 00:12:13 2023          ;
; Quartus Prime Version       ; 22.1std.2 Build 922 07/20/2023 SC Lite Edition ;
; Revision Name               ; p2_02                                          ;
; Top-level Entity Name       ; main_module                                    ;
; Family                      ; MAX II                                         ;
; Total logic elements        ; 46                                             ;
; Total pins                  ; 27                                             ;
; Total virtual pins          ; 0                                              ;
; UFM blocks                  ; 0 / 1 ( 0 % )                                  ;
+-----------------------------+------------------------------------------------+


+------------------------------------------------------------------------------------------------------------+
; Analysis & Synthesis Settings                                                                              ;
+------------------------------------------------------------------+--------------------+--------------------+
; Option                                                           ; Setting            ; Default Value      ;
+------------------------------------------------------------------+--------------------+--------------------+
; Device                                                           ; EPM240T100C5       ;                    ;
; Top-level entity name                                            ; main_module        ; p2_02              ;
; Family name                                                      ; MAX II             ; Cyclone V          ;
; Use smart compilation                                            ; Off                ; Off                ;
; Enable parallel Assembler and Timing Analyzer during compilation ; On                 ; On                 ;
; Enable compact report table                                      ; Off                ; Off                ;
; Restructure Multiplexers                                         ; Auto               ; Auto               ;
; Create Debugging Nodes for IP Cores                              ; Off                ; Off                ;
; Preserve fewer node names                                        ; On                 ; On                 ;
; Intel FPGA IP Evaluation Mode                                    ; Enable             ; Enable             ;
; Verilog Version                                                  ; Verilog_2001       ; Verilog_2001       ;
; VHDL Version                                                     ; VHDL_1993          ; VHDL_1993          ;
; State Machine Processing                                         ; Auto               ; Auto               ;
; Safe State Machine                                               ; Off                ; Off                ;
; Extract Verilog State Machines                                   ; On                 ; On                 ;
; Extract VHDL State Machines                                      ; On                 ; On                 ;
; Ignore Verilog initial constructs                                ; Off                ; Off                ;
; Iteration limit for constant Verilog loops                       ; 5000               ; 5000               ;
; Iteration limit for non-constant Verilog loops                   ; 250                ; 250                ;
; Add Pass-Through Logic to Inferred RAMs                          ; On                 ; On                 ;
; Infer RAMs from Raw Logic                                        ; On                 ; On                 ;
; Parallel Synthesis                                               ; On                 ; On                 ;
; NOT Gate Push-Back                                               ; On                 ; On                 ;
; Power-Up Don't Care                                              ; On                 ; On                 ;
; Remove Redundant Logic Cells                                     ; Off                ; Off                ;
; Remove Duplicate Registers                                       ; On                 ; On                 ;
; Ignore CARRY Buffers                                             ; Off                ; Off                ;
; Ignore CASCADE Buffers                                           ; Off                ; Off                ;
; Ignore GLOBAL Buffers                                            ; Off                ; Off                ;
; Ignore ROW GLOBAL Buffers                                        ; Off                ; Off                ;
; Ignore LCELL Buffers                                             ; Off                ; Off                ;
; Ignore SOFT Buffers                                              ; On                 ; On                 ;
; Limit AHDL Integers to 32 Bits                                   ; Off                ; Off                ;
; Optimization Technique                                           ; Balanced           ; Balanced           ;
; Carry Chain Length                                               ; 70                 ; 70                 ;
; Auto Carry Chains                                                ; On                 ; On                 ;
; Auto Open-Drain Pins                                             ; On                 ; On                 ;
; Perform WYSIWYG Primitive Resynthesis                            ; Off                ; Off                ;
; Auto Shift Register Replacement                                  ; Auto               ; Auto               ;
; Allow Shift Register Merging across Hierarchies                  ; Auto               ; Auto               ;
; Auto Clock Enable Replacement                                    ; On                 ; On                 ;
; Allow Synchronous Control Signals                                ; On                 ; On                 ;
; Force Use of Synchronous Clear Signals                           ; Off                ; Off                ;
; Auto Resource Sharing                                            ; Off                ; Off                ;
; Use LogicLock Constraints during Resource Balancing              ; On                 ; On                 ;
; Ignore translate_off and synthesis_off directives                ; Off                ; Off                ;
; Report Parameter Settings                                        ; On                 ; On                 ;
; Report Source Assignments                                        ; On                 ; On                 ;
; Report Connectivity Checks                                       ; On                 ; On                 ;
; Ignore Maximum Fan-Out Assignments                               ; Off                ; Off                ;
; Synchronization Register Chain Length                            ; 2                  ; 2                  ;
; Power Optimization During Synthesis                              ; Normal compilation ; Normal compilation ;
; HDL message level                                                ; Level2             ; Level2             ;
; Suppress Register Optimization Related Messages                  ; Off                ; Off                ;
; Number of Removed Registers Reported in Synthesis Report         ; 5000               ; 5000               ;
; Number of Swept Nodes Reported in Synthesis Report               ; 5000               ; 5000               ;
; Number of Inverted Registers Reported in Synthesis Report        ; 100                ; 100                ;
; Clock MUX Protection                                             ; On                 ; On                 ;
; Block Design Naming                                              ; Auto               ; Auto               ;
; Synthesis Effort                                                 ; Auto               ; Auto               ;
; Shift Register Replacement - Allow Asynchronous Clear Signal     ; On                 ; On                 ;
; Analysis & Synthesis Message Level                               ; Medium             ; Medium             ;
; Disable Register Merging Across Hierarchies                      ; Auto               ; Auto               ;
+------------------------------------------------------------------+--------------------+--------------------+


+------------------------------------------+
; Parallel Compilation                     ;
+----------------------------+-------------+
; Processors                 ; Number      ;
+----------------------------+-------------+
; Number detected on machine ; 4           ;
; Maximum allowed            ; 2           ;
;                            ;             ;
; Average used               ; 1.00        ;
; Maximum used               ; 1           ;
;                            ;             ;
; Usage by Processor         ; % Time Used ;
;     Processor 1            ; 100.0%      ;
+----------------------------+-------------+


+---------------------------------------------------------------------------------------------------------------------------------------------------------------+
; Analysis & Synthesis Source Files Read                                                                                                                        ;
+----------------------------------+-----------------+------------------------+-----------------------------------------------------------------------+---------+
; File Name with User-Entered Path ; Used in Netlist ; File Type              ; File Name with Absolute Path                                          ; Library ;
+----------------------------------+-----------------+------------------------+-----------------------------------------------------------------------+---------+
; clk.v                            ; yes             ; User Verilog HDL File  ; D:/Documents/ProjectsQuartus/MI2023.2 P2 TESTE02/clk.v                ;         ;
; main_module.v                    ; yes             ; User Verilog HDL File  ; D:/Documents/ProjectsQuartus/MI2023.2 P2 TESTE02/main_module.v        ;         ;
; matriz_controller.v              ; yes             ; User Verilog HDL File  ; D:/Documents/ProjectsQuartus/MI2023.2 P2 TESTE02/matriz_controller.v  ;         ;
; debouncer_button.v               ; yes             ; User Verilog HDL File  ; D:/Documents/ProjectsQuartus/MI2023.2 P2 TESTE02/debouncer_button.v   ;         ;
; game_selection.v                 ; yes             ; User Verilog HDL File  ; D:/Documents/ProjectsQuartus/MI2023.2 P2 TESTE02/game_selection.v     ;         ;
; game_option_change.v             ; yes             ; User Verilog HDL File  ; D:/Documents/ProjectsQuartus/MI2023.2 P2 TESTE02/game_option_change.v ;         ;
+----------------------------------+-----------------+------------------------+-----------------------------------------------------------------------+---------+


+-----------------------------------------------------+
; Analysis & Synthesis Resource Usage Summary         ;
+---------------------------------------------+-------+
; Resource                                    ; Usage ;
+---------------------------------------------+-------+
; Total logic elements                        ; 46    ;
;     -- Combinational with no register       ; 11    ;
;     -- Register only                        ; 6     ;
;     -- Combinational with a register        ; 29    ;
;                                             ;       ;
; Logic element usage by number of LUT inputs ;       ;
;     -- 4 input functions                    ; 8     ;
;     -- 3 input functions                    ; 9     ;
;     -- 2 input functions                    ; 21    ;
;     -- 1 input functions                    ; 1     ;
;     -- 0 input functions                    ; 1     ;
;                                             ;       ;
; Logic elements by mode                      ;       ;
;     -- normal mode                          ; 31    ;
;     -- arithmetic mode                      ; 15    ;
;     -- qfbk mode                            ; 0     ;
;     -- register cascade mode                ; 0     ;
;     -- synchronous clear/load mode          ; 0     ;
;     -- asynchronous clear/load mode         ; 1     ;
;                                             ;       ;
; Total registers                             ; 35    ;
; Total logic cells in carry chains           ; 16    ;
; I/O pins                                    ; 27    ;
; Maximum fan-out node                        ; clock ;
; Maximum fan-out                             ; 17    ;
; Total fan-out                               ; 155   ;
; Average fan-out                             ; 2.12  ;
+---------------------------------------------+-------+


+------------------------------------------------------------------------------------------------------------------------------------------------------------------------------------------------------------------------------------------------------------------------------------------+
; Analysis & Synthesis Resource Utilization by Entity                                                                                                                                                                                                                                      ;
+--------------------------------------------+-------------+--------------+------------+------+--------------+--------------+-------------------+------------------+-----------------+------------+----------------------------------------------------+--------------------+--------------+
; Compilation Hierarchy Node                 ; Logic Cells ; LC Registers ; UFM Blocks ; Pins ; Virtual Pins ; LUT-Only LCs ; Register-Only LCs ; LUT/Register LCs ; Carry Chain LCs ; Packed LCs ; Full Hierarchy Name                                ; Entity Name        ; Library Name ;
+--------------------------------------------+-------------+--------------+------------+------+--------------+--------------+-------------------+------------------+-----------------+------------+----------------------------------------------------+--------------------+--------------+
; |main_module                               ; 46 (0)      ; 35           ; 0          ; 27   ; 0            ; 11 (0)       ; 6 (0)             ; 29 (0)           ; 16 (0)          ; 0 (0)      ; |main_module                                       ; main_module        ; work         ;
;    |clk:clock_divider|                     ; 22 (22)     ; 17           ; 0          ; 0    ; 0            ; 5 (5)        ; 0 (0)             ; 17 (17)          ; 16 (16)         ; 0 (0)      ; |main_module|clk:clock_divider                     ; clk                ; work         ;
;    |debouncer_button:btn_change_game|      ; 3 (3)       ; 3            ; 0          ; 0    ; 0            ; 0 (0)        ; 0 (0)             ; 3 (3)            ; 0 (0)           ; 0 (0)      ; |main_module|debouncer_button:btn_change_game      ; debouncer_button   ; work         ;
;    |game_option_change:change_game_option| ; 5 (5)       ; 5            ; 0          ; 0    ; 0            ; 0 (0)        ; 3 (3)             ; 2 (2)            ; 0 (0)           ; 0 (0)      ; |main_module|game_option_change:change_game_option ; game_option_change ; work         ;
;    |game_selection:select_game_option|     ; 5 (5)       ; 1            ; 0          ; 0    ; 0            ; 4 (4)        ; 0 (0)             ; 1 (1)            ; 0 (0)           ; 0 (0)      ; |main_module|game_selection:select_game_option     ; game_selection     ; work         ;
;    |matriz_controller:matrix|              ; 11 (11)     ; 9            ; 0          ; 0    ; 0            ; 2 (2)        ; 3 (3)             ; 6 (6)            ; 0 (0)           ; 0 (0)      ; |main_module|matriz_controller:matrix              ; matriz_controller  ; work         ;
+--------------------------------------------+-------------+--------------+------------+------+--------------+--------------+-------------------+------------------+-----------------+------------+----------------------------------------------------+--------------------+--------------+
Note: For table entries with two numbers listed, the numbers in parentheses indicate the number of resources of the given type used by the specific entity alone. The numbers listed outside of parentheses indicate the total resources of the given type used by the specific entity and all of its sub-entities in the hierarchy.


Encoding Type:  One-Hot
+-----------------------------------------------------------------------------------------------+
; State Machine - |main_module|game_option_change:change_game_option|game_reg                   ;
+---------------+---------------+---------------+---------------+---------------+---------------+
; Name          ; game_reg.0000 ; game_reg.1000 ; game_reg.0100 ; game_reg.0010 ; game_reg.0001 ;
+---------------+---------------+---------------+---------------+---------------+---------------+
; game_reg.0000 ; 0             ; 0             ; 0             ; 0             ; 0             ;
; game_reg.0001 ; 1             ; 0             ; 0             ; 0             ; 1             ;
; game_reg.0010 ; 1             ; 0             ; 0             ; 1             ; 0             ;
; game_reg.0100 ; 1             ; 0             ; 1             ; 0             ; 0             ;
; game_reg.1000 ; 1             ; 1             ; 0             ; 0             ; 0             ;
+---------------+---------------+---------------+---------------+---------------+---------------+


+-------------------------------------------------------------------------------------------------------------------------------+
; User-Specified and Inferred Latches                                                                                           ;
+----------------------------------------------------+-------------------------------------------------+------------------------+
; Latch Name                                         ; Latch Enable Signal                             ; Free of Timing Hazards ;
+----------------------------------------------------+-------------------------------------------------+------------------------+
; game_selection:select_game_option|game_selected    ; game_selection:select_game_option|game_selected ; yes                    ;
; Number of user-specified and inferred latches = 1  ;                                                 ;                        ;
+----------------------------------------------------+-------------------------------------------------+------------------------+
Note: All latches listed above may not be present at the end of synthesis due to various synthesis optimizations.


+---------------------------------------------------------------------------------------------------+
; Registers Removed During Synthesis                                                                ;
+-------------------------------------------+-------------------------------------------------------+
; Register name                             ; Reason for Removal                                    ;
+-------------------------------------------+-------------------------------------------------------+
; matriz_controller:matrix|count[3]         ; Stuck at GND due to stuck port data_in                ;
; game_selection:select_game_option|col1[0] ; Stuck at GND due to stuck port data_in                ;
; game_selection:select_game_option|col3[0] ; Merged with game_selection:select_game_option|col2[0] ;
; game_selection:select_game_option|col4[0] ; Merged with game_selection:select_game_option|col2[0] ;
; game_selection:select_game_option|col5[0] ; Merged with game_selection:select_game_option|col2[0] ;
; matriz_controller:matrix|lines[1..6]      ; Stuck at GND due to stuck port data_in                ;
; debouncer_button:btn_change_game|state[2] ; Stuck at GND due to stuck port clock_enable           ;
; Total Number of Removed Registers = 12    ;                                                       ;
+-------------------------------------------+-------------------------------------------------------+


+---------------------------------------------------------------------------------------------------------------------------------------+
; Removed Registers Triggering Further Register Optimizations                                                                           ;
+-----------------------------------+---------------------------+-----------------------------------------------------------------------+
; Register name                     ; Reason for Removal        ; Registers Removed due to This Register                                ;
+-----------------------------------+---------------------------+-----------------------------------------------------------------------+
; matriz_controller:matrix|count[3] ; Stuck at GND              ; matriz_controller:matrix|lines[1], matriz_controller:matrix|lines[2], ;
;                                   ; due to stuck port data_in ; matriz_controller:matrix|lines[3], matriz_controller:matrix|lines[4], ;
;                                   ;                           ; matriz_controller:matrix|lines[5], matriz_controller:matrix|lines[6]  ;
+-----------------------------------+---------------------------+-----------------------------------------------------------------------+


+------------------------------------------------------+
; General Register Statistics                          ;
+----------------------------------------------+-------+
; Statistic                                    ; Value ;
+----------------------------------------------+-------+
; Total registers                              ; 35    ;
; Number of registers using Synchronous Clear  ; 0     ;
; Number of registers using Synchronous Load   ; 0     ;
; Number of registers using Asynchronous Clear ; 1     ;
; Number of registers using Asynchronous Load  ; 0     ;
; Number of registers using Clock Enable       ; 5     ;
; Number of registers using Preset             ; 0     ;
+----------------------------------------------+-------+


+----------------------------------------------------------------------------------------------------------------------------------------------------------------+
; Multiplexer Restructuring Statistics (Restructuring Performed)                                                                                                 ;
+--------------------+-----------+---------------+----------------------+------------------------+------------+--------------------------------------------------+
; Multiplexer Inputs ; Bus Width ; Baseline Area ; Area if Restructured ; Saving if Restructured ; Registered ; Example Multiplexer Output                       ;
+--------------------+-----------+---------------+----------------------+------------------------+------------+--------------------------------------------------+
; 8:1                ; 5 bits    ; 25 LEs        ; 15 LEs               ; 10 LEs                 ; Yes        ; |main_module|matriz_controller:matrix|columns[0] ;
+--------------------+-----------+---------------+----------------------+------------------------+------------+--------------------------------------------------+


+---------------------------------------------------------------------------------------------------------------------------------------------------------------------------+
; Port Connectivity Checks: "matriz_controller:matrix"                                                                                                                      ;
+---------+-------+----------+----------------------------------------------------------------------------------------------------------------------------------------------+
; Port    ; Type  ; Severity ; Details                                                                                                                                      ;
+---------+-------+----------+----------------------------------------------------------------------------------------------------------------------------------------------+
; show[1] ; Input ; Info     ; Stuck at GND                                                                                                                                 ;
; show[0] ; Input ; Info     ; Stuck at VCC                                                                                                                                 ;
; col1    ; Input ; Warning  ; Input port expression (1 bits) is smaller than the input port (7 bits) it drives.  Extra input bit(s) "col1[6..1]" will be connected to GND. ;
; col2    ; Input ; Warning  ; Input port expression (1 bits) is smaller than the input port (7 bits) it drives.  Extra input bit(s) "col2[6..1]" will be connected to GND. ;
; col3    ; Input ; Warning  ; Input port expression (1 bits) is smaller than the input port (7 bits) it drives.  Extra input bit(s) "col3[6..1]" will be connected to GND. ;
; col4    ; Input ; Warning  ; Input port expression (1 bits) is smaller than the input port (7 bits) it drives.  Extra input bit(s) "col4[6..1]" will be connected to GND. ;
; col5    ; Input ; Warning  ; Input port expression (1 bits) is smaller than the input port (7 bits) it drives.  Extra input bit(s) "col5[6..1]" will be connected to GND. ;
; colHit1 ; Input ; Info     ; Stuck at GND                                                                                                                                 ;
; colHit2 ; Input ; Info     ; Stuck at GND                                                                                                                                 ;
; colHit3 ; Input ; Info     ; Stuck at GND                                                                                                                                 ;
; colHit4 ; Input ; Info     ; Stuck at GND                                                                                                                                 ;
; colHit5 ; Input ; Info     ; Stuck at GND                                                                                                                                 ;
+---------+-------+----------+----------------------------------------------------------------------------------------------------------------------------------------------+


+---------------------------------------------------------------------------------------------------------------------------------------------------------------------------------------------------------+
; Port Connectivity Checks: "game_selection:select_game_option"                                                                                                                                           ;
+----------------------+--------+----------+--------------------------------------------------------------------------------------------------------------------------------------------------------------+
; Port                 ; Type   ; Severity ; Details                                                                                                                                                      ;
+----------------------+--------+----------+--------------------------------------------------------------------------------------------------------------------------------------------------------------+
; game_selected_option ; Input  ; Warning  ; Input port expression (1 bits) is smaller than the input port (4 bits) it drives.  Extra input bit(s) "game_selected_option[3..1]" will be connected to GND. ;
; col1_out             ; Output ; Warning  ; Output or bidir port (7 bits) is wider than the port expression (1 bits) it drives; bit(s) "col1_out[6..1]" have no fanouts                                  ;
; col2_out             ; Output ; Warning  ; Output or bidir port (7 bits) is wider than the port expression (1 bits) it drives; bit(s) "col2_out[6..1]" have no fanouts                                  ;
; col3_out             ; Output ; Warning  ; Output or bidir port (7 bits) is wider than the port expression (1 bits) it drives; bit(s) "col3_out[6..1]" have no fanouts                                  ;
; col4_out             ; Output ; Warning  ; Output or bidir port (7 bits) is wider than the port expression (1 bits) it drives; bit(s) "col4_out[6..1]" have no fanouts                                  ;
; col5_out             ; Output ; Warning  ; Output or bidir port (7 bits) is wider than the port expression (1 bits) it drives; bit(s) "col5_out[6..1]" have no fanouts                                  ;
+----------------------+--------+----------+--------------------------------------------------------------------------------------------------------------------------------------------------------------+


+------------------------------------------------------------------------------------------------------------------------------------------------------------------+
; Port Connectivity Checks: "game_option_change:change_game_option"                                                                                                ;
+-------------+--------+----------+--------------------------------------------------------------------------------------------------------------------------------+
; Port        ; Type   ; Severity ; Details                                                                                                                        ;
+-------------+--------+----------+--------------------------------------------------------------------------------------------------------------------------------+
; game_option ; Output ; Warning  ; Output or bidir port (4 bits) is wider than the port expression (1 bits) it drives; bit(s) "game_option[3..1]" have no fanouts ;
+-------------+--------+----------+--------------------------------------------------------------------------------------------------------------------------------+


+----------------------------------------------------------------------------------------------------------------------+
; Port Connectivity Checks: "debouncer_button:btn_save_game"                                                           ;
+------------+--------+----------+-------------------------------------------------------------------------------------+
; Port       ; Type   ; Severity ; Details                                                                             ;
+------------+--------+----------+-------------------------------------------------------------------------------------+
; button_out ; Output ; Info     ; Connected to dangling logic. Logic that only feeds a dangling port will be removed. ;
+------------+--------+----------+-------------------------------------------------------------------------------------+


+----------------------------------------------------------------------------------------------------------------------+
; Port Connectivity Checks: "debouncer_button:btn_reset_save_game"                                                     ;
+------------+--------+----------+-------------------------------------------------------------------------------------+
; Port       ; Type   ; Severity ; Details                                                                             ;
+------------+--------+----------+-------------------------------------------------------------------------------------+
; button_out ; Output ; Info     ; Connected to dangling logic. Logic that only feeds a dangling port will be removed. ;
+------------+--------+----------+-------------------------------------------------------------------------------------+


+-------------------------------+
; Analysis & Synthesis Messages ;
+-------------------------------+
Info: *******************************************************************
Info: Running Quartus Prime Analysis & Synthesis
    Info: Version 22.1std.2 Build 922 07/20/2023 SC Lite Edition
    Info: Processing started: Sun Nov 19 00:12:02 2023
Info: Command: quartus_map --read_settings_files=on --write_settings_files=off p2_02 -c p2_02
Warning (18236): Number of processors has not been specified which may cause overloading on shared machines.  Set the global assignment NUM_PARALLEL_PROCESSORS in your QSF to an appropriate value for best performance.
Info (20030): Parallel compilation is enabled and will use 2 of the 2 processors detected
Info (12021): Found 1 design units, including 1 entities, in source file clk.v
    Info (12023): Found entity 1: clk File: D:/Documents/ProjectsQuartus/MI2023.2 P2 TESTE02/clk.v Line: 1
Info (12021): Found 1 design units, including 1 entities, in source file main_module.v
    Info (12023): Found entity 1: main_module File: D:/Documents/ProjectsQuartus/MI2023.2 P2 TESTE02/main_module.v Line: 1
Info (12021): Found 1 design units, including 1 entities, in source file matriz_controller.v
    Info (12023): Found entity 1: matriz_controller File: D:/Documents/ProjectsQuartus/MI2023.2 P2 TESTE02/matriz_controller.v Line: 1
Info (12021): Found 1 design units, including 1 entities, in source file debouncer_button.v
    Info (12023): Found entity 1: debouncer_button File: D:/Documents/ProjectsQuartus/MI2023.2 P2 TESTE02/debouncer_button.v Line: 2
Info (12021): Found 1 design units, including 1 entities, in source file game_selection.v
    Info (12023): Found entity 1: game_selection File: D:/Documents/ProjectsQuartus/MI2023.2 P2 TESTE02/game_selection.v Line: 2
Info (12021): Found 1 design units, including 1 entities, in source file game_option_change.v
    Info (12023): Found entity 1: game_option_change File: D:/Documents/ProjectsQuartus/MI2023.2 P2 TESTE02/game_option_change.v Line: 3
Info (12127): Elaborating entity "main_module" for the top level hierarchy
Info (12128): Elaborating entity "clk" for hierarchy "clk:clock_divider" File: D:/Documents/ProjectsQuartus/MI2023.2 P2 TESTE02/main_module.v Line: 22
Info (12128): Elaborating entity "debouncer_button" for hierarchy "debouncer_button:btn_change_game" File: D:/Documents/ProjectsQuartus/MI2023.2 P2 TESTE02/main_module.v Line: 29
Info (12128): Elaborating entity "game_option_change" for hierarchy "game_option_change:change_game_option" File: D:/Documents/ProjectsQuartus/MI2023.2 P2 TESTE02/main_module.v Line: 49
Info (12128): Elaborating entity "game_selection" for hierarchy "game_selection:select_game_option" File: D:/Documents/ProjectsQuartus/MI2023.2 P2 TESTE02/main_module.v Line: 61
Warning (10646): Verilog HDL Event Control warning at game_selection.v(19): posedge or negedge of vector "game_selected_option" depends solely on its least-significant bit File: D:/Documents/ProjectsQuartus/MI2023.2 P2 TESTE02/game_selection.v Line: 19
Info (10264): Verilog HDL Case Statement information at game_selection.v(33): all case item expressions in this case statement are onehot File: D:/Documents/ProjectsQuartus/MI2023.2 P2 TESTE02/game_selection.v Line: 33
Warning (10240): Verilog HDL Always Construct warning at game_selection.v(19): inferring latch(es) for variable "game_selected", which holds its previous value in one or more paths through the always construct File: D:/Documents/ProjectsQuartus/MI2023.2 P2 TESTE02/game_selection.v Line: 19
Info (10041): Inferred latch for "game_selected" at game_selection.v(19) File: D:/Documents/ProjectsQuartus/MI2023.2 P2 TESTE02/game_selection.v Line: 19
Info (12128): Elaborating entity "matriz_controller" for hierarchy "matriz_controller:matrix" File: D:/Documents/ProjectsQuartus/MI2023.2 P2 TESTE02/main_module.v Line: 78
Warning (12241): 3 hierarchies have connectivity warnings - see the Connectivity Checks report folder
Warning (13012): Latch game_selection:select_game_option|game_selected has unsafe behavior File: D:/Documents/ProjectsQuartus/MI2023.2 P2 TESTE02/game_selection.v Line: 12
    Warning (13013): Ports D and ENA on the latch are fed by the same signal select_game_button File: D:/Documents/ProjectsQuartus/MI2023.2 P2 TESTE02/main_module.v Line: 7
Warning (13024): Output pins are stuck at VCC or GND
    Warning (13410): Pin "lines[1]" is stuck at GND File: D:/Documents/ProjectsQuartus/MI2023.2 P2 TESTE02/main_module.v Line: 12
    Warning (13410): Pin "lines[2]" is stuck at GND File: D:/Documents/ProjectsQuartus/MI2023.2 P2 TESTE02/main_module.v Line: 12
    Warning (13410): Pin "lines[3]" is stuck at GND File: D:/Documents/ProjectsQuartus/MI2023.2 P2 TESTE02/main_module.v Line: 12
    Warning (13410): Pin "lines[4]" is stuck at GND File: D:/Documents/ProjectsQuartus/MI2023.2 P2 TESTE02/main_module.v Line: 12
    Warning (13410): Pin "lines[5]" is stuck at GND File: D:/Documents/ProjectsQuartus/MI2023.2 P2 TESTE02/main_module.v Line: 12
    Warning (13410): Pin "lines[6]" is stuck at GND File: D:/Documents/ProjectsQuartus/MI2023.2 P2 TESTE02/main_module.v Line: 12
Warning (21074): Design contains 10 input pin(s) that do not drive logic
    Warning (15610): No output dependent on input pin "status[0]" File: D:/Documents/ProjectsQuartus/MI2023.2 P2 TESTE02/main_module.v Line: 2
    Warning (15610): No output dependent on input pin "status[1]" File: D:/Documents/ProjectsQuartus/MI2023.2 P2 TESTE02/main_module.v Line: 2
    Warning (15610): No output dependent on input pin "columns_attack[0]" File: D:/Documents/ProjectsQuartus/MI2023.2 P2 TESTE02/main_module.v Line: 3
    Warning (15610): No output dependent on input pin "columns_attack[1]" File: D:/Documents/ProjectsQuartus/MI2023.2 P2 TESTE02/main_module.v Line: 3
    Warning (15610): No output dependent on input pin "columns_attack[2]" File: D:/Documents/ProjectsQuartus/MI2023.2 P2 TESTE02/main_module.v Line: 3
    Warning (15610): No output dependent on input pin "rows_attack[0]" File: D:/Documents/ProjectsQuartus/MI2023.2 P2 TESTE02/main_module.v Line: 4
    Warning (15610): No output dependent on input pin "rows_attack[1]" File: D:/Documents/ProjectsQuartus/MI2023.2 P2 TESTE02/main_module.v Line: 4
    Warning (15610): No output dependent on input pin "rows_attack[2]" File: D:/Documents/ProjectsQuartus/MI2023.2 P2 TESTE02/main_module.v Line: 4
    Warning (15610): No output dependent on input pin "attack_button" File: D:/Documents/ProjectsQuartus/MI2023.2 P2 TESTE02/main_module.v Line: 5
    Warning (15610): No output dependent on input pin "save_game_button" File: D:/Documents/ProjectsQuartus/MI2023.2 P2 TESTE02/main_module.v Line: 8
Info (21057): Implemented 73 device resources after synthesis - the final resource count might be different
    Info (21058): Implemented 14 input pins
    Info (21059): Implemented 13 output pins
    Info (21061): Implemented 46 logic cells
Info: Quartus Prime Analysis & Synthesis was successful. 0 errors, 24 warnings
    Info: Peak virtual memory: 4719 megabytes
    Info: Processing ended: Sun Nov 19 00:12:13 2023
    Info: Elapsed time: 00:00:11
    Info: Total CPU time (on all processors): 00:00:10


